<?xml version="1.0" encoding="UTF-8"?>
<robot generator="Robot 6.0.1 (Python 3.11.1 on win32)" generated="20230117 22:03:48.856" rpa="false" schemaversion="3">
<suite id="s1" name="CasosDeTestes" source="C:\PocAmericanas\WebAutomation\tests\CasosDeTestes.robot">
<test id="s1-t1" name="Caso de teste 1 Acessando a home" line="14">
<kw name="Start Test" library="hooks.pages.commons" type="SETUP">
<kw name="Open Browser" library="SeleniumLibrary">
<arg>${BASE_URL}</arg>
<arg>${BROWSER}</arg>
<doc>Opens a new browser instance to the optional ``url``.</doc>
<msg timestamp="20230117 22:03:49.031" level="INFO">Opening browser 'chrome' to base url 'https://www.fastshop.com.br/web'.</msg>
<status status="PASS" starttime="20230117 22:03:49.031" endtime="20230117 22:03:51.957"/>
</kw>
<kw name="Maximize Browser Window" library="SeleniumLibrary">
<doc>Maximizes current browser window.</doc>
<status status="PASS" starttime="20230117 22:03:51.957" endtime="20230117 22:03:52.739"/>
</kw>
<kw name="Set Selenium Implicit Wait" library="SeleniumLibrary">
<arg>${TIME_TO_WAIT}</arg>
<doc>Sets the implicit wait value used by Selenium.</doc>
<status status="PASS" starttime="20230117 22:03:52.739" endtime="20230117 22:03:52.744"/>
</kw>
<status status="PASS" starttime="20230117 22:03:49.031" endtime="20230117 22:03:52.744"/>
</kw>
<kw name="Dado que acesso a home do site www.fastshop.com.br" library="HomePage">
<kw name="Go To" library="SeleniumLibrary">
<arg>url=${BASE_URL}</arg>
<doc>Navigates the current browser window to the provided ``url``.</doc>
<msg timestamp="20230117 22:03:52.744" level="INFO">Opening url 'https://www.fastshop.com.br/web'</msg>
<status status="PASS" starttime="20230117 22:03:52.744" endtime="20230117 22:03:53.984"/>
</kw>
<status status="PASS" starttime="20230117 22:03:52.744" endtime="20230117 22:03:53.984"/>
</kw>
<kw name="Quando clico em 'aproveite ja'" library="HomePage">
<kw name="Click Element" library="SeleniumLibrary">
<arg>locator=//a[@class='button-link'][contains(.,'APROVEITE JÁ')]</arg>
<doc>Click the element identified by ``locator``.</doc>
<msg timestamp="20230117 22:03:53.991" level="INFO">Clicking element '//a[@class='button-link'][contains(.,'APROVEITE JÁ')]'.</msg>
<status status="PASS" starttime="20230117 22:03:53.990" endtime="20230117 22:03:54.105"/>
</kw>
<status status="PASS" starttime="20230117 22:03:53.990" endtime="20230117 22:03:54.106"/>
</kw>
<kw name="Então vejo o menu 'categoria'" library="HomePage">
<kw name="Wait Until Element Is Visible" library="SeleniumLibrary">
<arg>locator=//span[contains(.,'Categorias')]</arg>
<doc>Waits until the element ``locator`` is visible.</doc>
<status status="PASS" starttime="20230117 22:03:54.109" endtime="20230117 22:03:55.165"/>
</kw>
<status status="PASS" starttime="20230117 22:03:54.109" endtime="20230117 22:03:55.165"/>
</kw>
<kw name="Finish Test" library="hooks.pages.commons" type="TEARDOWN">
<kw name="Capture Page Screenshot" library="SeleniumLibrary">
<doc>Takes a screenshot of the current page and embeds it into a log file.</doc>
<msg timestamp="20230117 22:03:55.694" level="INFO" html="true">&lt;/td&gt;&lt;/tr&gt;&lt;tr&gt;&lt;td colspan="3"&gt;&lt;a href="selenium-screenshot-76.png"&gt;&lt;img src="selenium-screenshot-76.png" width="800px"&gt;&lt;/a&gt;</msg>
<status status="PASS" starttime="20230117 22:03:55.170" endtime="20230117 22:03:55.694"/>
</kw>
<kw name="Close Browser" library="SeleniumLibrary">
<doc>Closes the current browser.</doc>
<status status="PASS" starttime="20230117 22:03:55.694" endtime="20230117 22:03:58.133"/>
</kw>
<status status="PASS" starttime="20230117 22:03:55.169" endtime="20230117 22:03:58.133"/>
</kw>
<status status="PASS" starttime="20230117 22:03:49.031" endtime="20230117 22:03:58.133"/>
</test>
<test id="s1-t2" name="Caso de teste 2 buscando um produto" line="20">
<kw name="Start Test" library="hooks.pages.commons" type="SETUP">
<kw name="Open Browser" library="SeleniumLibrary">
<arg>${BASE_URL}</arg>
<arg>${BROWSER}</arg>
<doc>Opens a new browser instance to the optional ``url``.</doc>
<msg timestamp="20230117 22:03:58.141" level="INFO">Opening browser 'chrome' to base url 'https://www.fastshop.com.br/web'.</msg>
<status status="PASS" starttime="20230117 22:03:58.133" endtime="20230117 22:04:02.660"/>
</kw>
<kw name="Maximize Browser Window" library="SeleniumLibrary">
<doc>Maximizes current browser window.</doc>
<status status="PASS" starttime="20230117 22:04:02.660" endtime="20230117 22:04:02.830"/>
</kw>
<kw name="Set Selenium Implicit Wait" library="SeleniumLibrary">
<arg>${TIME_TO_WAIT}</arg>
<doc>Sets the implicit wait value used by Selenium.</doc>
<status status="PASS" starttime="20230117 22:04:02.831" endtime="20230117 22:04:02.840"/>
</kw>
<status status="PASS" starttime="20230117 22:03:58.133" endtime="20230117 22:04:02.841"/>
</kw>
<kw name="Dado que acesso a home do site www.fastshop.com.br" library="HomePage">
<kw name="Go To" library="SeleniumLibrary">
<arg>url=${BASE_URL}</arg>
<doc>Navigates the current browser window to the provided ``url``.</doc>
<msg timestamp="20230117 22:04:02.846" level="INFO">Opening url 'https://www.fastshop.com.br/web'</msg>
<status status="PASS" starttime="20230117 22:04:02.845" endtime="20230117 22:04:04.668"/>
</kw>
<status status="PASS" starttime="20230117 22:04:02.843" endtime="20230117 22:04:04.668"/>
</kw>
<kw name="Quando pesquiso por 'Iphone'" library="HomePage" sourcename="Quando pesquiso por '${PRODUTO}'">
<kw name="Input Text" library="SeleniumLibrary">
<arg>locator=(//input[@id='search-box-id'])[1]</arg>
<arg>text=${PRODUTO}</arg>
<doc>Types the given ``text`` into the text field identified by ``locator``.</doc>
<msg timestamp="20230117 22:04:04.671" level="INFO">Typing text 'Iphone' into text field '(//input[@id='search-box-id'])[1]'.</msg>
<status status="PASS" starttime="20230117 22:04:04.670" endtime="20230117 22:04:04.881"/>
</kw>
<kw name="Click Element" library="SeleniumLibrary">
<arg>locator=//div[@class='detail'][contains(.,'iPhone 13 Apple (128GB) Meia-noite, Tela de 6,1", 5G e Câmera Dupla de 12 MP R$ 4.899,00')]</arg>
<doc>Click the element identified by ``locator``.</doc>
<msg timestamp="20230117 22:04:04.882" level="INFO">Clicking element '//div[@class='detail'][contains(.,'iPhone 13 Apple (128GB) Meia-noite, Tela de 6,1", 5G e Câmera Dupla de 12 MP R$ 4.899,00')]'.</msg>
<status status="PASS" starttime="20230117 22:04:04.881" endtime="20230117 22:04:07.056"/>
</kw>
<status status="PASS" starttime="20230117 22:04:04.668" endtime="20230117 22:04:07.056"/>
</kw>
<kw name="Então vejo o nome do produto escolhido 'iPhone 13 Apple (128GB) Meia-noite, Tela de 6,1&quot;, 5G e Câmera Dupla de 12 MP'" library="IphonePage" sourcename="Então vejo o nome do produto escolhido '${PRODUTO_ESCOLHIDO}'">
<kw name="Wait Until Element Is Visible" library="SeleniumLibrary">
<arg>locator=//h1[@class='title skeleton-box-empty']</arg>
<doc>Waits until the element ``locator`` is visible.</doc>
<status status="PASS" starttime="20230117 22:04:07.058" endtime="20230117 22:04:07.698"/>
</kw>
<status status="PASS" starttime="20230117 22:04:07.057" endtime="20230117 22:04:07.698"/>
</kw>
<kw name="Finish Test" library="hooks.pages.commons" type="TEARDOWN">
<kw name="Capture Page Screenshot" library="SeleniumLibrary">
<doc>Takes a screenshot of the current page and embeds it into a log file.</doc>
<msg timestamp="20230117 22:04:08.212" level="INFO" html="true">&lt;/td&gt;&lt;/tr&gt;&lt;tr&gt;&lt;td colspan="3"&gt;&lt;a href="selenium-screenshot-77.png"&gt;&lt;img src="selenium-screenshot-77.png" width="800px"&gt;&lt;/a&gt;</msg>
<status status="PASS" starttime="20230117 22:04:07.703" endtime="20230117 22:04:08.212"/>
</kw>
<kw name="Close Browser" library="SeleniumLibrary">
<doc>Closes the current browser.</doc>
<status status="PASS" starttime="20230117 22:04:08.212" endtime="20230117 22:04:10.731"/>
</kw>
<status status="PASS" starttime="20230117 22:04:07.703" endtime="20230117 22:04:10.731"/>
</kw>
<status status="PASS" starttime="20230117 22:03:58.133" endtime="20230117 22:04:10.731"/>
</test>
<status status="PASS" starttime="20230117 22:03:48.856" endtime="20230117 22:04:10.731"/>
</suite>
<statistics>
<total>
<stat pass="2" fail="0" skip="0">All Tests</stat>
</total>
<tag>
</tag>
<suite>
<stat pass="2" fail="0" skip="0" id="s1" name="CasosDeTestes">CasosDeTestes</stat>
</suite>
</statistics>
<errors>
</errors>
</robot>
